f:\c++space\dp\debug\hk_fuc.obj
f:\c++space\dp\debug\global_val.obj
f:\c++space\dp\debug\sub_iqa_1.obj
f:\c++space\dp\debug\control_604.obj
f:\c++space\dp\debug\show_thread.obj
f:\c++space\dp\debug\sub_iqa_2.obj
f:\c++space\dp\debug\labelmap.obj
f:\c++space\dp\debug\map_show_thread.obj
f:\c++space\dp\debug\dp.obj
f:\c++space\dp\debug\main.obj
f:\c++space\dp\debug\control_test.obj
f:\c++space\dp\debug\vc142.pdb
f:\c++space\dp\debug\moc_sub_iqa_2.obj
f:\c++space\dp\debug\moc_map_show_thread.obj
f:\c++space\dp\debug\moc_control_test.obj
f:\c++space\dp\debug\qrc_dp.obj
f:\c++space\dp\debug\moc_dp.obj
f:\c++space\dp\debug\moc_show_thread.obj
f:\c++space\dp\debug\moc_sub_iqa_1.obj
f:\c++space\dp\debug\moc_labelmap.obj
f:\c++space\dp\debug\uic\ui_control_test.h
f:\c++space\dp\debug\uic\ui_dp.h
f:\c++space\dp\debug\uic\ui_sub_iqa_1.h
f:\c++space\dp\debug\uic\ui_sub_iqa_2.h
f:\c++space\dp\debug\rcc\qrc_dp.cpp
f:\c++space\dp\debug\moc\moc_dp.cpp
f:\c++space\dp\debug\moc\moc_labelmap.cpp
f:\c++space\dp\debug\moc\moc_map_show_thread.cpp
f:\c++space\dp\debug\moc\moc_control_test.cpp
f:\c++space\dp\debug\moc\moc_sub_iqa_2.cpp
f:\c++space\dp\debug\moc\moc_sub_iqa_1.cpp
f:\c++space\dp\debug\moc\moc_show_thread.cpp
f:\c++space\dp\debug\dp.exe
f:\c++space\dp\debug\dp.ilk
f:\c++space\dp\debug\dp.pdb
f:\c++space\dp\debug\\moc\moc_dp.cpp
f:\c++space\dp\debug\\moc\moc_labelmap.cpp
f:\c++space\dp\debug\\moc\moc_map_show_thread.cpp
f:\c++space\dp\debug\\moc\moc_control_test.cpp
f:\c++space\dp\debug\\moc\moc_sub_iqa_2.cpp
f:\c++space\dp\debug\\moc\moc_sub_iqa_1.cpp
f:\c++space\dp\debug\\moc\moc_show_thread.cpp
f:\c++space\dp\debug\\rcc\qrc_dp.cpp
f:\c++space\dp\debug\\uic\ui_control_test.h
f:\c++space\dp\debug\\uic\ui_dp.h
f:\c++space\dp\debug\\uic\ui_sub_iqa_1.h
f:\c++space\dp\debug\\uic\ui_sub_iqa_2.h
f:\c++space\dp\debug\dp.tlog\cl.command.1.tlog
f:\c++space\dp\debug\dp.tlog\cl.read.1.tlog
f:\c++space\dp\debug\dp.tlog\cl.write.1.tlog
f:\c++space\dp\debug\dp.tlog\dp.write.1u.tlog
f:\c++space\dp\debug\dp.tlog\link.command.1.tlog
f:\c++space\dp\debug\dp.tlog\link.read.1.tlog
f:\c++space\dp\debug\dp.tlog\link.write.1.tlog
f:\c++space\dp\debug\dp.tlog\moc.read.1u.tlog
f:\c++space\dp\debug\dp.tlog\moc.write.1u.tlog
f:\c++space\dp\debug\dp.tlog\rcc.read.1u.tlog
f:\c++space\dp\debug\dp.tlog\rcc.write.1u.tlog
f:\c++space\dp\debug\dp.tlog\uic.read.1u.tlog
f:\c++space\dp\debug\dp.tlog\uic.write.1u.tlog
