f:\c++space\dp\release\hk_fuc.obj
f:\c++space\dp\release\sub_iqa_2.obj
f:\c++space\dp\release\labelmap.obj
f:\c++space\dp\release\map_show_thread.obj
f:\c++space\dp\release\global_val.obj
f:\c++space\dp\release\sub_iqa_1.obj
f:\c++space\dp\release\control_604.obj
f:\c++space\dp\release\show_thread.obj
f:\c++space\dp\release\control_test.obj
f:\c++space\dp\release\main.obj
f:\c++space\dp\release\dp.obj
f:\c++space\dp\release\moc_sub_iqa_1.obj
f:\c++space\dp\release\moc_labelmap.obj
f:\c++space\dp\release\moc_sub_iqa_2.obj
f:\c++space\dp\release\moc_show_thread.obj
f:\c++space\dp\release\moc_map_show_thread.obj
f:\c++space\dp\release\moc_control_test.obj
f:\c++space\dp\release\qrc_dp.obj
f:\c++space\dp\release\moc_dp.obj
f:\c++space\dp\release\uic\ui_control_test.h
f:\c++space\dp\release\uic\ui_dp.h
f:\c++space\dp\release\uic\ui_sub_iqa_1.h
f:\c++space\dp\release\uic\ui_sub_iqa_2.h
f:\c++space\dp\release\rcc\qrc_dp.cpp
f:\c++space\dp\release\moc\moc_dp.cpp
f:\c++space\dp\release\moc\moc_labelmap.cpp
f:\c++space\dp\release\moc\moc_map_show_thread.cpp
f:\c++space\dp\release\moc\moc_control_test.cpp
f:\c++space\dp\release\moc\moc_sub_iqa_2.cpp
f:\c++space\dp\release\moc\moc_sub_iqa_1.cpp
f:\c++space\dp\release\moc\moc_show_thread.cpp
f:\c++space\dp\release\dp.exe
f:\c++space\dp\release\\moc\moc_dp.cpp
f:\c++space\dp\release\\moc\moc_labelmap.cpp
f:\c++space\dp\release\\moc\moc_map_show_thread.cpp
f:\c++space\dp\release\\moc\moc_control_test.cpp
f:\c++space\dp\release\\moc\moc_sub_iqa_2.cpp
f:\c++space\dp\release\\moc\moc_sub_iqa_1.cpp
f:\c++space\dp\release\\moc\moc_show_thread.cpp
f:\c++space\dp\release\\rcc\qrc_dp.cpp
f:\c++space\dp\release\\uic\ui_control_test.h
f:\c++space\dp\release\\uic\ui_dp.h
f:\c++space\dp\release\\uic\ui_sub_iqa_1.h
f:\c++space\dp\release\\uic\ui_sub_iqa_2.h
f:\c++space\dp\release\dp.tlog\cl.10104.write.1.tlog
f:\c++space\dp\release\dp.tlog\cl.command.1.tlog
f:\c++space\dp\release\dp.tlog\cl.read.1.tlog
f:\c++space\dp\release\dp.tlog\dp.write.1u.tlog
f:\c++space\dp\release\dp.tlog\link.command.1.tlog
f:\c++space\dp\release\dp.tlog\link.read.1.tlog
f:\c++space\dp\release\dp.tlog\link.write.1.tlog
f:\c++space\dp\release\dp.tlog\moc.read.1u.tlog
f:\c++space\dp\release\dp.tlog\moc.write.1u.tlog
f:\c++space\dp\release\dp.tlog\rcc.read.1u.tlog
f:\c++space\dp\release\dp.tlog\rcc.write.1u.tlog
f:\c++space\dp\release\dp.tlog\uic.read.1u.tlog
f:\c++space\dp\release\dp.tlog\uic.write.1u.tlog
